#
# There is insufficient memory for the Java Runtime Environment to continue.
# Native memory allocation (malloc) failed to allocate 1573136 bytes for Chunk::new
# Possible reasons:
#   The system is out of physical RAM or swap space
#   In 32 bit mode, the process size limit was hit
# Possible solutions:
#   Reduce memory load on the system
#   Increase physical memory or swap space
#   Check if swap backing store is full
#   Use 64 bit Java on a 64 bit OS
#   Decrease Java heap size (-Xmx/-Xms)
#   Decrease number of Java threads
#   Decrease Java thread stack sizes (-Xss)
#   Set larger code cache with -XX:ReservedCodeCacheSize=
# This output file may be truncated or incomplete.
#
#  Out of Memory Error (allocation.cpp:390), pid=11624, tid=11208
#
# JRE version: Java(TM) SE Runtime Environment (8.0_91-b15) (build 1.8.0_91-b15)
# Java VM: Java HotSpot(TM) 64-Bit Server VM (25.91-b15 mixed mode windows-amd64 compressed oops)
# Failed to write core dump. Minidumps are not enabled by default on client versions of Windows
#

---------------  T H R E A D  ---------------

Current thread (0x0000000018b31000):  JavaThread "C2 CompilerThread1" daemon [_thread_in_native, id=11208, stack(0x000000001a380000,0x000000001a480000)]

Stack: [0x000000001a380000,0x000000001a480000]
[error occurred during error reporting (printing stack bounds), id 0xc0000005]

Native frames: (J=compiled Java code, j=interpreted, Vv=VM code, C=native code)


Current CompileTask:
C2:1344957 20774       4       com.android.ide.common.res2.ValueResourceParser2::getResource (63 bytes)


---------------  P R O C E S S  ---------------

Java Threads: ( => current thread )
  0x00000000202e9800 JavaThread "Stdin handler" [_thread_blocked, id=9340, stack(0x000000002b810000,0x000000002b910000)]
  0x00000000202ee000 JavaThread "Asynchronous log dispatcher for org.gradle.launcher.daemon.server.DefaultDaemonConnection@1fab5522" [_thread_blocked, id=1552, stack(0x000000002b710000,0x000000002b810000)]
  0x00000000202ef800 JavaThread "Cancel handler" [_thread_blocked, id=5320, stack(0x000000002b610000,0x000000002b710000)]
  0x00000000202f0800 JavaThread "Handler for socket connection from /127.0.0.1:9278 to /127.0.0.1:9500" [_thread_in_native, id=9188, stack(0x000000002b510000,0x000000002b610000)]
  0x000000001f070000 JavaThread "Daemon worker Thread 6" [_thread_in_native, id=9800, stack(0x000000002b210000,0x000000002b310000)]
  0x000000001f06c000 JavaThread "Daemon Thread 6" [_thread_blocked, id=10472, stack(0x000000002af10000,0x000000002b010000)]
  0x00000000202f4000 JavaThread "pool-7-thread-4" [_thread_blocked, id=1860, stack(0x0000000026f10000,0x0000000027010000)]
  0x00000000202f6800 JavaThread "pool-7-thread-3" [_thread_blocked, id=12052, stack(0x0000000026910000,0x0000000026a10000)]
  0x00000000202f1000 JavaThread "pool-7-thread-2" [_thread_blocked, id=1996, stack(0x0000000025c10000,0x0000000025d10000)]
  0x00000000202ed800 JavaThread "pool-7-thread-1" [_thread_blocked, id=1068, stack(0x0000000025610000,0x0000000025710000)]
  0x000000001f06b800 JavaThread "pool-2-thread-1" [_thread_blocked, id=8820, stack(0x0000000022020000,0x0000000022120000)]
  0x000000001f06d000 JavaThread "File lock request listener" [_thread_in_native, id=5032, stack(0x0000000020dd0000,0x0000000020ed0000)]
  0x000000001b679000 JavaThread "Incoming local TCP Connector on port 9278" [_thread_in_native, id=10380, stack(0x000000001c7c0000,0x000000001c8c0000)]
  0x000000001b9cf000 JavaThread "pool-1-thread-1" [_thread_blocked, id=12908, stack(0x000000001b380000,0x000000001b480000)]
  0x0000000018b8e000 JavaThread "Service Thread" daemon [_thread_blocked, id=2688, stack(0x000000001a980000,0x000000001aa80000)]
  0x0000000018b34000 JavaThread "C1 CompilerThread2" daemon [_thread_blocked, id=6788, stack(0x000000001a480000,0x000000001a580000)]
=>0x0000000018b31000 JavaThread "C2 CompilerThread1" daemon [_thread_in_native, id=11208, stack(0x000000001a380000,0x000000001a480000)]
  0x0000000018b2d800 JavaThread "C2 CompilerThread0" daemon [_thread_in_native, id=10364, stack(0x000000001a280000,0x000000001a380000)]
  0x0000000018b2b800 JavaThread "Attach Listener" daemon [_thread_blocked, id=7176, stack(0x000000001a180000,0x000000001a280000)]
  0x0000000018b2a800 JavaThread "Signal Dispatcher" daemon [_thread_blocked, id=12048, stack(0x000000001a080000,0x000000001a180000)]
  0x000000000513b000 JavaThread "Finalizer" daemon [_thread_blocked, id=3868, stack(0x0000000019d90000,0x0000000019e90000)]
  0x0000000005130000 JavaThread "Reference Handler" daemon [_thread_blocked, id=7560, stack(0x0000000019c90000,0x0000000019d90000)]
  0x00000000051be000 JavaThread "main" [_thread_blocked, id=1440, stack(0x0000000004f20000,0x0000000005020000)]

Other Threads:
  0x0000000018af7800 VMThread [stack: 0x0000000019b90000,0x0000000019c90000] [id=12796]
  0x000000001a5d0000 WatcherThread [stack: 0x000000001aa80000,0x000000001ab80000] [id=9172]

VM state:not at safepoint (normal execution)

VM Mutex/Monitor currently owned by a thread: None

Heap:
 PSYoungGen      total 379904K, used 185019K [0x00000000e0000000, 0x00000000fe180000, 0x0000000100000000)
  eden space 378368K, 48% used [0x00000000e0000000,0x00000000eb4aed88,0x00000000f7180000)
  from space 1536K, 0% used [0x00000000f7180000,0x00000000f7180000,0x00000000f7300000)
  to   space 57344K, 0% used [0x00000000fa980000,0x00000000fa980000,0x00000000fe180000)
 ParOldGen       total 165376K, used 40914K [0x00000000a0000000, 0x00000000aa180000, 0x00000000e0000000)
  object space 165376K, 24% used [0x00000000a0000000,0x00000000a27f49d8,0x00000000aa180000)
 Metaspace       used 69591K, capacity 72624K, committed 72832K, reserved 1112064K
  class space    used 8770K, capacity 9248K, committed 9344K, reserved 1048576K

Card table byte_map: [0x0000000014580000,0x0000000014890000] byte_map_base: 0x0000000014080000

Marking Bits: (ParMarkBitMap*) 0x00000000524e2f70
 Begin Bits: [0x0000000014e90000, 0x0000000016690000)
 End Bits:   [0x0000000016690000, 0x0000000017e90000)

Polling page: 0x00000000036e0000

CodeCache: size=245760Kb used=58881Kb max_used=58881Kb free=186879Kb
 bounds [0x00000000051c0000, 0x0000000008ba0000, 0x00000000141c0000]
 total_blobs=16373 nmethods=15620 adapters=664
 compilation: enabled

Compilation events (10 events):
Event: 1344.461 Thread 0x0000000018b34000 nmethod 20780 0x00000000058ba410 code [0x00000000058ba580, 0x00000000058ba7e8]
Event: 1344.462 Thread 0x0000000018b2d800 nmethod 20769 0x0000000006daf5d0 code [0x0000000006daf7c0, 0x0000000006db0798]
Event: 1344.462 Thread 0x0000000018b2d800 20775       4       com.android.ide.common.res2.ValueResourceParser2::getType (135 bytes)
Event: 1344.519 Thread 0x0000000018b34000 20783       1       com.android.ide.common.res2.ResourceSet::isFromDependency (5 bytes)
Event: 1344.519 Thread 0x0000000018b34000 nmethod 20783 0x0000000006daf310 code [0x0000000006daf460, 0x0000000006daf570]
Event: 1344.523 Thread 0x0000000018b34000 20784       3       java.util.Formatter$FormatSpecifier::checkNumeric (168 bytes)
Event: 1344.524 Thread 0x0000000018b34000 nmethod 20784 0x0000000006467a90 code [0x0000000006467d00, 0x0000000006468998]
Event: 1344.524 Thread 0x0000000018b34000 20785       3       java.util.Formatter$FormatSpecifier::printInteger (130 bytes)
Event: 1344.525 Thread 0x0000000018b34000 nmethod 20785 0x00000000058c5c50 code [0x00000000058c5ec0, 0x00000000058c70c8]
Event: 1344.529 Thread 0x0000000018b34000 20786       3       com.android.ide.common.res2.DataSet::isIgnored (315 bytes)

GC Heap History (10 events):
Event: 1059.878 GC heap before
{Heap before GC invocations=40 (full 7):
 PSYoungGen      total 409600K, used 361311K [0x00000000e0000000, 0x00000000fcf80000, 0x0000000100000000)
  eden space 352768K, 100% used [0x00000000e0000000,0x00000000f5880000,0x00000000f5880000)
  from space 56832K, 15% used [0x00000000f9800000,0x00000000fa057d90,0x00000000fcf80000)
  to   space 60928K, 0% used [0x00000000f5880000,0x00000000f5880000,0x00000000f9400000)
 ParOldGen       total 165376K, used 42547K [0x00000000a0000000, 0x00000000aa180000, 0x00000000e0000000)
  object space 165376K, 25% used [0x00000000a0000000,0x00000000a298cdc0,0x00000000aa180000)
 Metaspace       used 69310K, capacity 72234K, committed 72576K, reserved 1112064K
  class space    used 8751K, capacity 9237K, committed 9344K, reserved 1048576K
Event: 1059.891 GC heap after
Heap after GC invocations=40 (full 7):
 PSYoungGen      total 413696K, used 10479K [0x00000000e0000000, 0x00000000fe480000, 0x0000000100000000)
  eden space 352768K, 0% used [0x00000000e0000000,0x00000000e0000000,0x00000000f5880000)
  from space 60928K, 17% used [0x00000000f5880000,0x00000000f62bbe30,0x00000000f9400000)
  to   space 58880K, 0% used [0x00000000fab00000,0x00000000fab00000,0x00000000fe480000)
 ParOldGen       total 165376K, used 42555K [0x00000000a0000000, 0x00000000aa180000, 0x00000000e0000000)
  object space 165376K, 25% used [0x00000000a0000000,0x00000000a298edc0,0x00000000aa180000)
 Metaspace       used 69310K, capacity 72234K, committed 72576K, reserved 1112064K
  class space    used 8751K, capacity 9237K, committed 9344K, reserved 1048576K
}
Event: 1060.698 GC heap before
{Heap before GC invocations=41 (full 7):
 PSYoungGen      total 413696K, used 79249K [0x00000000e0000000, 0x00000000fe480000, 0x0000000100000000)
  eden space 352768K, 19% used [0x00000000e0000000,0x00000000e4328670,0x00000000f5880000)
  from space 60928K, 17% used [0x00000000f5880000,0x00000000f62bbe30,0x00000000f9400000)
  to   space 58880K, 0% used [0x00000000fab00000,0x00000000fab00000,0x00000000fe480000)
 ParOldGen       total 165376K, used 42555K [0x00000000a0000000, 0x00000000aa180000, 0x00000000e0000000)
  object space 165376K, 25% used [0x00000000a0000000,0x00000000a298edc0,0x00000000aa180000)
 Metaspace       used 69332K, capacity 72304K, committed 72576K, reserved 1112064K
  class space    used 8753K, capacity 9238K, committed 9344K, reserved 1048576K
Event: 1060.701 GC heap after
Heap after GC invocations=41 (full 7):
 PSYoungGen      total 436224K, used 1620K [0x00000000e0000000, 0x00000000fe380000, 0x0000000100000000)
  eden space 378368K, 0% used [0x00000000e0000000,0x00000000e0000000,0x00000000f7180000)
  from space 57856K, 2% used [0x00000000fab00000,0x00000000fac95218,0x00000000fe380000)
  to   space 58368K, 0% used [0x00000000f7180000,0x00000000f7180000,0x00000000faa80000)
 ParOldGen       total 165376K, used 42563K [0x00000000a0000000, 0x00000000aa180000, 0x00000000e0000000)
  object space 165376K, 25% used [0x00000000a0000000,0x00000000a2990dc0,0x00000000aa180000)
 Metaspace       used 69332K, capacity 72304K, committed 72576K, reserved 1112064K
  class space    used 8753K, capacity 9238K, committed 9344K, reserved 1048576K
}
Event: 1060.701 GC heap before
{Heap before GC invocations=42 (full 8):
 PSYoungGen      total 436224K, used 1620K [0x00000000e0000000, 0x00000000fe380000, 0x0000000100000000)
  eden space 378368K, 0% used [0x00000000e0000000,0x00000000e0000000,0x00000000f7180000)
  from space 57856K, 2% used [0x00000000fab00000,0x00000000fac95218,0x00000000fe380000)
  to   space 58368K, 0% used [0x00000000f7180000,0x00000000f7180000,0x00000000faa80000)
 ParOldGen       total 165376K, used 42563K [0x00000000a0000000, 0x00000000aa180000, 0x00000000e0000000)
  object space 165376K, 25% used [0x00000000a0000000,0x00000000a2990dc0,0x00000000aa180000)
 Metaspace       used 69332K, capacity 72304K, committed 72576K, reserved 1112064K
  class space    used 8753K, capacity 9238K, committed 9344K, reserved 1048576K
Event: 1061.177 GC heap after
Heap after GC invocations=42 (full 8):
 PSYoungGen      total 436224K, used 0K [0x00000000e0000000, 0x00000000fe380000, 0x0000000100000000)
  eden space 378368K, 0% used [0x00000000e0000000,0x00000000e0000000,0x00000000f7180000)
  from space 57856K, 0% used [0x00000000fab00000,0x00000000fab00000,0x00000000fe380000)
  to   space 58368K, 0% used [0x00000000f7180000,0x00000000f7180000,0x00000000faa80000)
 ParOldGen       total 165376K, used 40254K [0x00000000a0000000, 0x00000000aa180000, 0x00000000e0000000)
  object space 165376K, 24% used [0x00000000a0000000,0x00000000a274f9b8,0x00000000aa180000)
 Metaspace       used 68684K, capacity 71646K, committed 72576K, reserved 1112064K
  class space    used 8686K, capacity 9165K, committed 9344K, reserved 1048576K
}
Event: 1305.110 GC heap before
{Heap before GC invocations=43 (full 8):
 PSYoungGen      total 436224K, used 145041K [0x00000000e0000000, 0x00000000fe380000, 0x0000000100000000)
  eden space 378368K, 38% used [0x00000000e0000000,0x00000000e8da4700,0x00000000f7180000)
  from space 57856K, 0% used [0x00000000fab00000,0x00000000fab00000,0x00000000fe380000)
  to   space 58368K, 0% used [0x00000000f7180000,0x00000000f7180000,0x00000000faa80000)
 ParOldGen       total 165376K, used 40254K [0x00000000a0000000, 0x00000000aa180000, 0x00000000e0000000)
  object space 165376K, 24% used [0x00000000a0000000,0x00000000a274f9b8,0x00000000aa180000)
 Metaspace       used 68834K, capacity 71806K, committed 72576K, reserved 1112064K
  class space    used 8694K, capacity 9173K, committed 9344K, reserved 1048576K
Event: 1305.114 GC heap after
Heap after GC invocations=43 (full 8):
 PSYoungGen      total 379904K, used 1280K [0x00000000e0000000, 0x00000000fe180000, 0x0000000100000000)
  eden space 378368K, 0% used [0x00000000e0000000,0x00000000e0000000,0x00000000f7180000)
  from space 1536K, 83% used [0x00000000f7180000,0x00000000f72c0020,0x00000000f7300000)
  to   space 57344K, 0% used [0x00000000fa980000,0x00000000fa980000,0x00000000fe180000)
 ParOldGen       total 165376K, used 40262K [0x00000000a0000000, 0x00000000aa180000, 0x00000000e0000000)
  object space 165376K, 24% used [0x00000000a0000000,0x00000000a27519b8,0x00000000aa180000)
 Metaspace       used 68834K, capacity 71806K, committed 72576K, reserved 1112064K
  class space    used 8694K, capacity 9173K, committed 9344K, reserved 1048576K
}
Event: 1305.114 GC heap before
{Heap before GC invocations=44 (full 9):
 PSYoungGen      total 379904K, used 1280K [0x00000000e0000000, 0x00000000fe180000, 0x0000000100000000)
  eden space 378368K, 0% used [0x00000000e0000000,0x00000000e0000000,0x00000000f7180000)
  from space 1536K, 83% used [0x00000000f7180000,0x00000000f72c0020,0x00000000f7300000)
  to   space 57344K, 0% used [0x00000000fa980000,0x00000000fa980000,0x00000000fe180000)
 ParOldGen       total 165376K, used 40262K [0x00000000a0000000, 0x00000000aa180000, 0x00000000e0000000)
  object space 165376K, 24% used [0x00000000a0000000,0x00000000a27519b8,0x00000000aa180000)
 Metaspace       used 68834K, capacity 71806K, committed 72576K, reserved 1112064K
  class space    used 8694K, capacity 9173K, committed 9344K, reserved 1048576K
Event: 1305.332 GC heap after
Heap after GC invocations=44 (full 9):
 PSYoungGen      total 379904K, used 0K [0x00000000e0000000, 0x00000000fe180000, 0x0000000100000000)
  eden space 378368K, 0% used [0x00000000e0000000,0x00000000e0000000,0x00000000f7180000)
  from space 1536K, 0% used [0x00000000f7180000,0x00000000f7180000,0x00000000f7300000)
  to   space 57344K, 0% used [0x00000000fa980000,0x00000000fa980000,0x00000000fe180000)
 ParOldGen       total 165376K, used 40914K [0x00000000a0000000, 0x00000000aa180000, 0x00000000e0000000)
  object space 165376K, 24% used [0x00000000a0000000,0x00000000a27f49d8,0x00000000aa180000)
 Metaspace       used 68834K, capacity 71806K, committed 72576K, reserved 1112064K
  class space    used 8694K, capacity 9173K, committed 9344K, reserved 1048576K
}

Deoptimization events (10 events):
Event: 1344.423 Thread 0x000000001f070000 Uncommon trap: reason=class_check action=maybe_recompile pc=0x000000000714af28 method=com.sun.org.apache.xerces.internal.dom.NamedNodeMapImpl.getNamedItemNS(Ljava/lang/String;Ljava/lang/String;)Lorg/w3c/dom/Node; @ 25
Event: 1344.423 Thread 0x000000001f070000 Uncommon trap: reason=class_check action=maybe_recompile pc=0x000000000714af28 method=com.sun.org.apache.xerces.internal.dom.NamedNodeMapImpl.getNamedItemNS(Ljava/lang/String;Ljava/lang/String;)Lorg/w3c/dom/Node; @ 25
Event: 1344.423 Thread 0x000000001f070000 Uncommon trap: reason=class_check action=maybe_recompile pc=0x0000000006fe7d50 method=com.android.ide.common.res2.ValueResourceParser2.getType(Lorg/w3c/dom/Node;Ljava/io/File;)Lcom/android/resources/ResourceType; @ 1
Event: 1344.423 Thread 0x000000001f070000 Uncommon trap: reason=class_check action=maybe_recompile pc=0x00000000086507d8 method=com.android.ide.common.res2.ValueResourceParser2.getName(Lorg/w3c/dom/Node;)Ljava/lang/String; @ 1
Event: 1344.423 Thread 0x000000001f070000 Uncommon trap: reason=class_check action=maybe_recompile pc=0x000000000714af28 method=com.sun.org.apache.xerces.internal.dom.NamedNodeMapImpl.getNamedItemNS(Ljava/lang/String;Ljava/lang/String;)Lorg/w3c/dom/Node; @ 25
Event: 1344.423 Thread 0x000000001f070000 Uncommon trap: reason=class_check action=maybe_recompile pc=0x0000000006fe7d50 method=com.android.ide.common.res2.ValueResourceParser2.getType(Lorg/w3c/dom/Node;Ljava/io/File;)Lcom/android/resources/ResourceType; @ 1
Event: 1344.423 Thread 0x000000001f070000 Uncommon trap: reason=class_check action=maybe_recompile pc=0x00000000086507d8 method=com.android.ide.common.res2.ValueResourceParser2.getName(Lorg/w3c/dom/Node;)Ljava/lang/String; @ 1
Event: 1344.426 Thread 0x000000001f070000 Uncommon trap: reason=bimorphic action=maybe_recompile pc=0x0000000005ad6ad8 method=com.sun.org.apache.xerces.internal.impl.XMLEntityScanner.load(IZZ)Z @ 81
Event: 1344.427 Thread 0x000000001f070000 Uncommon trap: reason=bimorphic action=maybe_recompile pc=0x0000000006787b44 method=com.sun.org.apache.xerces.internal.impl.XMLEntityScanner.load(IZZ)Z @ 81
Event: 1344.439 Thread 0x000000001f070000 Uncommon trap: reason=bimorphic action=maybe_recompile pc=0x0000000005ad6ad8 method=com.sun.org.apache.xerces.internal.impl.XMLEntityScanner.load(IZZ)Z @ 81

Internal exceptions (10 events):
Event: 1314.857 Thread 0x000000001f070000 Exception <a 'sun/nio/fs/WindowsException'> (0x00000000e4f63bc0) thrown at [C:\re\workspace\8-2-build-windows-amd64-cygwin\jdk8u91\7017\hotspot\src\share\vm\prims\jni.cpp, line 709]
Event: 1314.857 Thread 0x000000001f070000 Exception <a 'sun/nio/fs/WindowsException'> (0x00000000e4f64750) thrown at [C:\re\workspace\8-2-build-windows-amd64-cygwin\jdk8u91\7017\hotspot\src\share\vm\prims\jni.cpp, line 709]
Event: 1314.858 Thread 0x000000001f070000 Exception <a 'sun/nio/fs/WindowsException'> (0x00000000e4f673c0) thrown at [C:\re\workspace\8-2-build-windows-amd64-cygwin\jdk8u91\7017\hotspot\src\share\vm\prims\jni.cpp, line 709]
Event: 1314.858 Thread 0x000000001f070000 Exception <a 'sun/nio/fs/WindowsException'> (0x00000000e4f67d50) thrown at [C:\re\workspace\8-2-build-windows-amd64-cygwin\jdk8u91\7017\hotspot\src\share\vm\prims\jni.cpp, line 709]
Event: 1314.858 Thread 0x000000001f070000 Exception <a 'sun/nio/fs/WindowsException'> (0x00000000e4f697b0) thrown at [C:\re\workspace\8-2-build-windows-amd64-cygwin\jdk8u91\7017\hotspot\src\share\vm\prims\jni.cpp, line 709]
Event: 1314.858 Thread 0x000000001f070000 Exception <a 'sun/nio/fs/WindowsException'> (0x00000000e4f6a200) thrown at [C:\re\workspace\8-2-build-windows-amd64-cygwin\jdk8u91\7017\hotspot\src\share\vm\prims\jni.cpp, line 709]
Event: 1325.531 Thread 0x000000001f070000 Exception <a 'java/lang/ClassNotFoundException': com/android/build/gradle/internal/LibraryCache$1BeanInfo> (0x00000000e7a4f488) thrown at [C:\re\workspace\8-2-build-windows-amd64-cygwin\jdk8u91\7017\hotspot\src\share\vm\classfile\systemDictionary.cpp, lineçπ ∂î@
Event: 1325.532 Thread 0x000000001f070000 Exception <a 'java/lang/ClassNotFoundException': com/android/build/gradle/internal/LibraryCache$1Customizer> (0x00000000e7a60080) thrown at [C:\re\workspace\8-2-build-windows-amd64-cygwin\jdk8u91\7017\hotspot\src\share\vm\classfile\systemDictionary.cpp, li©F¬Æ¸≈î@
Event: 1329.497 Thread 0x000000001f06b800 Exception <a 'sun/nio/fs/WindowsException'> (0x00000000e003de58) thrown at [C:\re\workspace\8-2-build-windows-amd64-cygwin\jdk8u91\7017\hotspot\src\share\vm\prims\jni.cpp, line 709]
Event: 1344.422 Thread 0x000000001f070000 Implicit null exception at 0x0000000006d31106 to 0x0000000006d31fea

Events (10 events):
Event: 1344.426 Thread 0x000000001f070000 Uncommon trap: trap_request=0xffffffc6 fr.pc=0x0000000005ad6ad8
Event: 1344.426 Thread 0x000000001f070000 DEOPT PACKING pc=0x0000000005ad6ad8 sp=0x000000002b30bbe0
Event: 1344.426 Thread 0x000000001f070000 DEOPT UNPACKING pc=0x000000000520582a sp=0x000000002b30bb40 mode 2
Event: 1344.427 Thread 0x000000001f070000 Uncommon trap: trap_request=0xffffffc6 fr.pc=0x0000000006787b44
Event: 1344.427 Thread 0x000000001f070000 DEOPT PACKING pc=0x0000000006787b44 sp=0x000000002b30bb90
Event: 1344.427 Thread 0x000000001f070000 DEOPT UNPACKING pc=0x000000000520582a sp=0x000000002b30bad8 mode 2
Event: 1344.431 Thread 0x0000000018b34000 flushing nmethod 0x000000000885d450
Event: 1344.439 Thread 0x000000001f070000 Uncommon trap: trap_request=0xffffffc6 fr.pc=0x0000000005ad6ad8
Event: 1344.439 Thread 0x000000001f070000 DEOPT PACKING pc=0x0000000005ad6ad8 sp=0x000000002b30bbe0
Event: 1344.439 Thread 0x000000001f070000 DEOPT UNPACKING pc=0x000000000520582a sp=0x000000002b30bb40 mode 2


Dynamic libraries:
0x00007ff7c49b0000 - 0x00007ff7c49e7000 	C:\Program Files\Java\jdk1.8.0_91\bin\java.exe
0x00007fff9bfb0000 - 0x00007fff9c190000 	C:\WINDOWS\SYSTEM32\ntdll.dll
0x00007fff9a320000 - 0x00007fff9a3ce000 	C:\WINDOWS\System32\KERNEL32.DLL
0x00007fff98a10000 - 0x00007fff98c76000 	C:\WINDOWS\System32\KERNELBASE.dll
0x00007fff99e10000 - 0x00007fff99eb1000 	C:\WINDOWS\System32\ADVAPI32.dll
0x00007fff99bf0000 - 0x00007fff99c8d000 	C:\WINDOWS\System32\msvcrt.dll
0x00007fff99c90000 - 0x00007fff99ceb000 	C:\WINDOWS\System32\sechost.dll
0x00007fff9be60000 - 0x00007fff9bf7f000 	C:\WINDOWS\System32\RPCRT4.dll
0x00007fff99f40000 - 0x00007fff9a0cf000 	C:\WINDOWS\System32\USER32.dll
0x00007fff98620000 - 0x00007fff98640000 	C:\WINDOWS\System32\win32u.dll
0x00007fff99cf0000 - 0x00007fff99d18000 	C:\WINDOWS\System32\GDI32.dll
0x00007fff98640000 - 0x00007fff987d3000 	C:\WINDOWS\System32\gdi32full.dll
0x00007fff98430000 - 0x00007fff984cb000 	C:\WINDOWS\System32\msvcp_win.dll
0x00007fff984d0000 - 0x00007fff985c6000 	C:\WINDOWS\System32\ucrtbase.dll
0x00007fff85030000 - 0x00007fff85299000 	C:\WINDOWS\WinSxS\amd64_microsoft.windows.common-controls_6595b64144ccf1df_6.0.16299.371_none_15c7d1789365a290\COMCTL32.dll
0x00007fff9b9b0000 - 0x00007fff9bcb8000 	C:\WINDOWS\System32\combase.dll
0x00007fff983b0000 - 0x00007fff98422000 	C:\WINDOWS\System32\bcryptPrimitives.dll
0x00007fff9a3e0000 - 0x00007fff9a40d000 	C:\WINDOWS\System32\IMM32.DLL
0x0000000053310000 - 0x00000000533e2000 	C:\Program Files\Java\jdk1.8.0_91\jre\bin\msvcr100.dll
0x0000000051cd0000 - 0x0000000052563000 	C:\Program Files\Java\jdk1.8.0_91\jre\bin\server\jvm.dll
0x00007fff99d40000 - 0x00007fff99d48000 	C:\WINDOWS\System32\PSAPI.DLL
0x00007fff96310000 - 0x00007fff96333000 	C:\WINDOWS\SYSTEM32\WINMM.dll
0x00007fff88dc0000 - 0x00007fff88dc9000 	C:\WINDOWS\SYSTEM32\WSOCK32.dll
0x00007fff9a2b0000 - 0x00007fff9a31c000 	C:\WINDOWS\System32\WS2_32.dll
0x00007fff88ad0000 - 0x00007fff88ada000 	C:\WINDOWS\SYSTEM32\VERSION.dll
0x00007fff962b0000 - 0x00007fff962da000 	C:\WINDOWS\SYSTEM32\WINMMBASE.dll
0x00007fff985d0000 - 0x00007fff9861a000 	C:\WINDOWS\System32\cfgmgr32.dll
0x0000000053300000 - 0x000000005330f000 	C:\Program Files\Java\jdk1.8.0_91\jre\bin\verify.dll
0x00000000532d0000 - 0x00000000532f9000 	C:\Program Files\Java\jdk1.8.0_91\jre\bin\java.dll
0x00000000532b0000 - 0x00000000532c6000 	C:\Program Files\Java\jdk1.8.0_91\jre\bin\zip.dll
0x00007fff9a410000 - 0x00007fff9b846000 	C:\WINDOWS\System32\SHELL32.dll
0x00007fff99d50000 - 0x00007fff99df6000 	C:\WINDOWS\System32\shcore.dll
0x00007fff98d30000 - 0x00007fff99477000 	C:\WINDOWS\System32\windows.storage.dll
0x00007fff9b8f0000 - 0x00007fff9b941000 	C:\WINDOWS\System32\shlwapi.dll
0x00007fff98320000 - 0x00007fff98331000 	C:\WINDOWS\System32\kernel.appcore.dll
0x00007fff98340000 - 0x00007fff9838c000 	C:\WINDOWS\System32\powrprof.dll
0x00007fff98390000 - 0x00007fff983ab000 	C:\WINDOWS\System32\profapi.dll
0x0000000053290000 - 0x00000000532aa000 	C:\Program Files\Java\jdk1.8.0_91\jre\bin\net.dll
0x00007fff97b90000 - 0x00007fff97bf6000 	C:\WINDOWS\system32\mswsock.dll
0x0000000053270000 - 0x0000000053281000 	C:\Program Files\Java\jdk1.8.0_91\jre\bin\nio.dll
0x00007fff8c6f0000 - 0x00007fff8c702000 	C:\Users\Shaimaa Derbaz\.gradle\native\19\windows-amd64\native-platform.dll
0x00007fff97d50000 - 0x00007fff97d67000 	C:\WINDOWS\SYSTEM32\CRYPTSP.dll
0x00007fff97730000 - 0x00007fff97763000 	C:\WINDOWS\system32\rsaenh.dll
0x00007fff97e60000 - 0x00007fff97e85000 	C:\WINDOWS\SYSTEM32\bcrypt.dll
0x00007fff98230000 - 0x00007fff98259000 	C:\WINDOWS\SYSTEM32\USERENV.dll
0x00007fff97d70000 - 0x00007fff97d7b000 	C:\WINDOWS\SYSTEM32\CRYPTBASE.dll
0x00007fff97920000 - 0x00007fff97959000 	C:\WINDOWS\SYSTEM32\IPHLPAPI.DLL
0x00007fff99e00000 - 0x00007fff99e08000 	C:\WINDOWS\System32\NSI.dll
0x00007fff90d70000 - 0x00007fff90d86000 	C:\WINDOWS\SYSTEM32\dhcpcsvc6.DLL
0x00007fff90e50000 - 0x00007fff90e6a000 	C:\WINDOWS\SYSTEM32\dhcpcsvc.DLL
0x0000000053260000 - 0x000000005326d000 	C:\Program Files\Java\jdk1.8.0_91\jre\bin\management.dll
0x0000000053230000 - 0x0000000053254000 	C:\Program Files\Java\jdk1.8.0_91\jre\bin\sunec.dll
0x0000000053220000 - 0x000000005322b000 	C:\Program Files\Java\jdk1.8.0_91\jre\bin\sunmscapi.dll
0x00007fff987e0000 - 0x00007fff989ae000 	C:\WINDOWS\System32\CRYPT32.dll
0x00007fff98300000 - 0x00007fff98312000 	C:\WINDOWS\System32\MSASN1.dll

VM Arguments:
jvm_args: -Xmx1536m -Dfile.encoding=windows-1252 -Duser.country=US -Duser.language=en -Duser.variant 
java_command: org.gradle.launcher.daemon.bootstrap.GradleDaemon 2.14.1
java_class_path (initial): C:\Users\Shaimaa Derbaz\.gradle\wrapper\dists\gradle-2.14.1-all\8bnwg5hd3w55iofp58khbp6yv\gradle-2.14.1\lib\gradle-launcher-2.14.1.jar
Launcher Type: SUN_STANDARD

Environment Variables:
PATH=C:\Program Files\Microsoft HPC Pack 2012\Bin\;C:\ProgramData\Oracle\Java\javapath;C:\Program Files (x86)\Lenovo\FusionEngine;C:\WINDOWS\system32;C:\WINDOWS;C:\WINDOWS\System32\Wbem;C:\WINDOWS\System32\WindowsPowerShell\v1.0\;C:\Program Files (x86)\ATI Technologies\ATI.ACE\Core-Static;C:\Program Files\Microsoft SQL Server\110\Tools\Binn\;C:\Users\Shaimaa Derbaz\Desktop\Shaimaa Derbazg\FCI materials\FCI CS 4\graduation Project\OpenCV\opencv\build\x86\vc10\bin;C:\Program Files\MATLAB\MATLAB Production Server\R2015a\runtime\win64;C:\Program Files\MATLAB\MATLAB Production Server\R2015a\bin;C:\Program Files\MATLAB\R2011a\runtime\win64;C:\Program Files\MATLAB\R2011a\bin;C:\Program Files\MiKTeX 2.9\miktex\bin\x64\;C:\Program Files\Java\jre1.8.0_74\bin;C:\Program Files (x86)\Java\jre1.8.0_91\bin;C:\Program Files\Java\jre1.8.0_91\bin;C:\Program Files\MATLAB\MATLAB Production Server\R2015a\polyspace\bin;C:\Program Files\Git\cmd;C:\Program Files\TortoiseGit\bin;C:\Program Files\Java\jdk1.7.0_25\bin;C:\Program Files\Java\jdk1.8.0_91\bin;C:\WINDOWS\system32;C:\WINDOWS;C:\WINDOWS\System32\Wbem;C:\WINDOWS\System32\WindowsPowerShell\v1.0\;C:\Program Files\apache-maven-3.3.9-src\apache-maven-3.3.9\apache-maven\src\bin;C:\Program Files\Intel\WiFi\bin\;C:\Program Files\Common Files\Intel\WirelessCommon\;C:\Users\Shaimaa Derbaz\AppData\Local\Microsoft\WindowsApps;C:\AppServ\Apache24\bin;C:\AppServ\php5;C:\AppServ\MySQL\bin;
USERNAME=Shaimaa Derbaz
OS=Windows_NT
PROCESSOR_IDENTIFIER=Intel64 Family 6 Model 61 Stepping 4, GenuineIntel



---------------  S Y S T E M  ---------------

OS: Windows 10.0 , 64 bit Build 16299 (10.0.16299.15)

CPU:total 4 (2 cores per cpu, 2 threads per core) family 6 model 61 stepping 4, cmov, cx8, fxsr, mmx, sse, sse2, sse3, ssse3, sse4.1, sse4.2, popcnt, avx, avx2, aes, clmul, erms, 3dnowpref, lzcnt, ht, tsc, tscinvbit, bmi1, bmi2, adx

Memory: 4k page, physical 6203856k(397512k free), swap 25078224k(7988k free)

vm_info: Java HotSpot(TM) 64-Bit Server VM (25.91-b15) for windows-amd64 JRE (1.8.0_91-b15), built on May 20 2016 17:43:15 by "java_re" with MS VC++ 10.0 (VS2010)

time: Thu Apr 26 01:27:45 2018
elapsed time: 1344 seconds (0d 0h 22m 24s)

